C:\Program Files (x86)\MSBuild\Microsoft.Cpp\v4.0\V140\Microsoft.CppBuild.targets(392,5): warning MSB8028: The intermediate directory (Debug\) contains files shared from another project (SDL Sample Project V1.0.vcxproj, Simple Physics.vcxproj).  This can lead to incorrect clean and rebuild behavior.
  Main.cpp
c:\programming\c++\collision detection (minkowski difference)\sdl sample project v1.0\objects.h(47): warning C4244: 'argument': conversion from 'float' to 'Sint16', possible loss of data
c:\programming\c++\collision detection (minkowski difference)\sdl sample project v1.0\main.cpp(88): warning C4244: 'argument': conversion from 'int' to 'float', possible loss of data
c:\programming\c++\collision detection (minkowski difference)\sdl sample project v1.0\main.cpp(44): warning C4101: 'result': unreferenced local variable
c:\programming\c++\collision detection (minkowski difference)\sdl sample project v1.0\vec2.h(49): warning C4244: 'argument': conversion from 'double' to 'float', possible loss of data
  c:\programming\c++\collision detection (minkowski difference)\sdl sample project v1.0\vec2.h(48): note: while compiling class template member function 'vec2<float> vec2<float>::operator /(double)'
  c:\programming\c++\collision detection (minkowski difference)\sdl sample project v1.0\matrix.h(33): note: see reference to function template instantiation 'vec2<float> vec2<float>::operator /(double)' being compiled
  c:\programming\c++\collision detection (minkowski difference)\sdl sample project v1.0\matrix.h(6): note: see reference to class template instantiation 'vec2<float>' being compiled
c:\programming\c++\collision detection (minkowski difference)\sdl sample project v1.0\vec2.h(46): warning C4244: 'argument': conversion from 'double' to 'float', possible loss of data
  c:\programming\c++\collision detection (minkowski difference)\sdl sample project v1.0\vec2.h(45): note: while compiling class template member function 'vec2<float> vec2<float>::operator *(double)'
  c:\programming\c++\collision detection (minkowski difference)\sdl sample project v1.0\matrix.h(75): note: see reference to function template instantiation 'vec2<float> vec2<float>::operator *(double)' being compiled
  lineSegment.cpp
  line.cpp
c:\programming\c++\collision detection (minkowski difference)\sdl sample project v1.0\vec2.h(46): warning C4244: 'argument': conversion from 'double' to 'float', possible loss of data
  c:\programming\c++\collision detection (minkowski difference)\sdl sample project v1.0\vec2.h(45): note: while compiling class template member function 'vec2<float> vec2<float>::operator *(double)'
  c:\programming\c++\collision detection (minkowski difference)\sdl sample project v1.0\line.cpp(37): note: see reference to function template instantiation 'vec2<float> vec2<float>::operator *(double)' being compiled
  c:\programming\c++\collision detection (minkowski difference)\sdl sample project v1.0\linesegment.h(8): note: see reference to class template instantiation 'vec2<float>' being compiled
  Generating Code...
  SDL Sample Project V1.0.vcxproj -> C:\Programming\C++\Collision Detection (Minkowski Difference)\Debug\Collision Shenanigans.exe
